{"contracts/Feedback.sol":{"l":{"12":1,"14":1,"18":4,"28":1,"37":1},"path":"/home/gavin/repos/crypto-wallet-platform/apps/citizen/semephore-vote-app/apps/contracts/contracts/Feedback.sol","s":{"1":4,"2":1,"3":1},"b":{},"f":{"1":1,"2":4,"3":1},"fnMap":{"1":{"name":"constructor","line":11,"loc":{"start":{"line":11,"column":4},"end":{"line":15,"column":4}}},"2":{"name":"joinGroup","line":17,"loc":{"start":{"line":17,"column":4},"end":{"line":19,"column":4}}},"3":{"name":"sendFeedback","line":21,"loc":{"start":{"line":21,"column":4},"end":{"line":38,"column":4}}}},"statementMap":{"1":{"start":{"line":18,"column":8},"end":{"line":18,"column":55}},"2":{"start":{"line":28,"column":8},"end":{"line":28,"column":694}},"3":{"start":{"line":37,"column":8},"end":{"line":37,"column":46}}},"branchMap":{}}}